============================================================
  Generated by:           Genus(TM) Synthesis Solution 19.12-s121_1
  Generated on:           Feb 02 2023  07:37:13 pm
  Module:                 adder_1d
  Technology library:     saed32rvt_ss0p95v125c 1.0000000
  Operating conditions:   _nominal_ (balanced_tree)
  Wireload mode:          enclosed
  Area mode:              timing library
============================================================

Timing
-------
  Cost    Critical             Violating 
 Group   Path Slack    TNS       Paths   
-----------------------------------------
default      -231.8   -1003.6          5 
-----------------------------------------
Total                 -1003.6          5 

Instance Count
--------------
Leaf Instance Count             26 
Physical Instance count          0 
Sequential Instance Count        0 
Combinational Instance Count    26 
Hierarchical Instance Count      0 

Area
----
Cell Area                          60.232
Physical Cell Area                 0.000
Total Cell Area (Cell+Physical)    60.232
Net Area                           0.000
Total Area (Cell+Physical+Net)     60.232

Max Fanout                         4 (B[2])
Min Fanout                         1 (n_17)
Average Fanout                     1.9
Terms to net ratio                 2.5000
Terms to instance ratio            3.4615
Runtime                            26.861315 seconds
Elapsed Runtime                    40 seconds
Genus peak memory usage            1018.69 
Innovus peak memory usage          no_value 
Hostname                           mo.ece.pdx.edu
