============================================================
  Generated by:           Genus(TM) Synthesis Solution 19.12-s121_1
  Generated on:           Feb 02 2023  07:36:46 pm
  Module:                 adder_1c
  Technology library:     saed32rvt_ss0p95v125c 1.0000000
  Operating conditions:   _nominal_ (balanced_tree)
  Wireload mode:          enclosed
  Area mode:              timing library
============================================================

Timing
-------
  Cost    Critical            Violating 
 Group   Path Slack    TNS      Paths   
----------------------------------------
default      -201.0   -905.9          5 
----------------------------------------
Total                 -905.9          5 

Instance Count
--------------
Leaf Instance Count             38 
Physical Instance count          0 
Sequential Instance Count        0 
Combinational Instance Count    38 
Hierarchical Instance Count      0 

Area
----
Cell Area                          102.420
Physical Cell Area                 0.000
Total Cell Area (Cell+Physical)    102.420
Net Area                           0.000
Total Area (Cell+Physical+Net)     102.420

Max Fanout                         8 (B[0])
Min Fanout                         1 (Sum[0])
Average Fanout                     2.1
Terms to net ratio                 2.9149
Terms to instance ratio            3.6053
Runtime                            32.833384 seconds
Elapsed Runtime                    92 seconds
Genus peak memory usage            1016.70 
Innovus peak memory usage          no_value 
Hostname                           mo.ece.pdx.edu
