 
****************************************
Report : timing
        -path full
        -delay max
        -derate
        -input_pins
        -nets
        -slack_lesser_than 0.0000
        -max_paths 10000
        -transition_time
        -crosstalk_delta
        -capacitance
Design : adder_1d
Version: Q-2019.12-SP3
Date   : Thu Feb  2 19:13:38 2023
****************************************

Operating Conditions: ss0p95v125c   Library: saed32rvt_ss0p95v125c
Wire Load Model Mode: enclosed

  Startpoint: A[2] (input port)
  Endpoint: Sum[3] (output port)
  Path Group: default
  Path Type: max

  Des/Clust/Port     Wire Load Model       Library
  ------------------------------------------------
  adder_1d           ForQA                 saed32rvt_ss0p95v125c

  Point                        Fanout       Cap     DTran     Trans     Delta     Derate      Incr       Path
  --------------------------------------------------------------------------------------------------------------
  input external delay                                                                      0.0000     0.0000 f
  A[2] (in)                                                  0.0000                         0.0000     0.0000 f
  A[2] (net)                     3      22.8892                                             0.0000     0.0000 f
  U7/A (INVX32_RVT)                                0.0000    0.0000    0.0000               0.0000     0.0000 f
  U7/Y (INVX32_RVT)                                          0.0036                         0.0072     0.0072 r
  n7 (net)                       1       0.7848                                             0.0000     0.0072 r
  U19/A2 (AND2X1_RVT)                              0.0000    0.0036    0.0000               0.0000     0.0072 r
  U19/Y (AND2X1_RVT)                                         0.0235                         0.0451     0.0524 r
  n6 (net)                       1       0.8182                                             0.0000     0.0524 r
  U17/A2 (OA21X1_RVT)                              0.0000    0.0235    0.0000               0.0000     0.0524 r
  U17/Y (OA21X1_RVT)                                         0.0294                         0.0639     0.1163 r
  n22 (net)                      1       0.7113                                             0.0000     0.1163 r
  U24/A3 (OA21X1_RVT)                              0.0000    0.0294    0.0000               0.0000     0.1163 r
  U24/Y (OA21X1_RVT)                                         0.0462                         0.0760     0.1923 r
  n29 (net)                      2       2.8416                                             0.0000     0.1923 r
  U21/A1 (XNOR2X2_RVT)                             0.0000    0.0462    0.0000               0.0000     0.1923 r
  U21/Y (XNOR2X2_RVT)                                        0.0304                         0.0896     0.2819 r
  Sum[3] (net)                   1       0.2433                                             0.0000     0.2819 r
  Sum[3] (out)                                     0.0000    0.0304    0.0000               0.0000     0.2819 r
  data arrival time                                                                                    0.2819

  max_delay                                                                                 0.0000     0.0000
  output external delay                                                                     0.0000     0.0000
  data required time                                                                                   0.0000
  --------------------------------------------------------------------------------------------------------------
  data required time                                                                                   0.0000
  data arrival time                                                                                   -0.2819
  --------------------------------------------------------------------------------------------------------------
  slack (VIOLATED)                                                                                    -0.2819


  Startpoint: A[2] (input port)
  Endpoint: Cout (output port)
  Path Group: default
  Path Type: max

  Des/Clust/Port     Wire Load Model       Library
  ------------------------------------------------
  adder_1d           ForQA                 saed32rvt_ss0p95v125c

  Point                        Fanout       Cap     DTran     Trans     Delta     Derate      Incr       Path
  --------------------------------------------------------------------------------------------------------------
  input external delay                                                                      0.0000     0.0000 f
  A[2] (in)                                                  0.0000                         0.0000     0.0000 f
  A[2] (net)                     3      22.8892                                             0.0000     0.0000 f
  U7/A (INVX32_RVT)                                0.0000    0.0000    0.0000               0.0000     0.0000 f
  U7/Y (INVX32_RVT)                                          0.0036                         0.0072     0.0072 r
  n7 (net)                       1       0.7848                                             0.0000     0.0072 r
  U19/A2 (AND2X1_RVT)                              0.0000    0.0036    0.0000               0.0000     0.0072 r
  U19/Y (AND2X1_RVT)                                         0.0235                         0.0451     0.0524 r
  n6 (net)                       1       0.8182                                             0.0000     0.0524 r
  U17/A2 (OA21X1_RVT)                              0.0000    0.0235    0.0000               0.0000     0.0524 r
  U17/Y (OA21X1_RVT)                                         0.0294                         0.0639     0.1163 r
  n22 (net)                      1       0.7113                                             0.0000     0.1163 r
  U24/A3 (OA21X1_RVT)                              0.0000    0.0294    0.0000               0.0000     0.1163 r
  U24/Y (OA21X1_RVT)                                         0.0462                         0.0760     0.1923 r
  n29 (net)                      2       2.8416                                             0.0000     0.1923 r
  U31/A1 (OR2X1_RVT)                               0.0000    0.0462    0.0000               0.0000     0.1923 r
  U31/Y (OR2X1_RVT)                                          0.0255                         0.0631     0.2554 r
  n24 (net)                      1       0.7950                                             0.0000     0.2554 r
  U33/A1 (NAND2X0_RVT)                             0.0000    0.0255    0.0000               0.0000     0.2554 r
  U33/Y (NAND2X0_RVT)                                        0.0317                         0.0255     0.2809 f
  Cout (net)                     1       0.2433                                             0.0000     0.2809 f
  Cout (out)                                       0.0000    0.0317    0.0000               0.0000     0.2809 f
  data arrival time                                                                                    0.2809

  max_delay                                                                                 0.0000     0.0000
  output external delay                                                                     0.0000     0.0000
  data required time                                                                                   0.0000
  --------------------------------------------------------------------------------------------------------------
  data required time                                                                                   0.0000
  data arrival time                                                                                   -0.2809
  --------------------------------------------------------------------------------------------------------------
  slack (VIOLATED)                                                                                    -0.2809


  Startpoint: B[0] (input port)
  Endpoint: Sum[2] (output port)
  Path Group: default
  Path Type: max

  Des/Clust/Port     Wire Load Model       Library
  ------------------------------------------------
  adder_1d           ForQA                 saed32rvt_ss0p95v125c

  Point                        Fanout       Cap     DTran     Trans     Delta     Derate      Incr       Path
  --------------------------------------------------------------------------------------------------------------
  input external delay                                                                      0.0000     0.0000 f
  B[0] (in)                                                  0.0000                         0.0000     0.0000 f
  B[0] (net)                     4       3.2738                                             0.0000     0.0000 f
  U23/A2 (NAND2X0_RVT)                             0.0000    0.0000    0.0000               0.0000     0.0000 f
  U23/Y (NAND2X0_RVT)                                        0.0374                         0.0275     0.0275 r
  n25 (net)                      1       0.7977                                             0.0000     0.0275 r
  U16/A3 (AO22X1_RVT)                              0.0000    0.0374    0.0000               0.0000     0.0275 r
  U16/Y (AO22X1_RVT)                                         0.0477                         0.0788     0.1063 r
  n14 (net)                      3       2.6009                                             0.0000     0.1063 r
  U15/A2 (OA21X1_RVT)                              0.0000    0.0477    0.0000               0.0000     0.1063 r
  U15/Y (OA21X1_RVT)                                         0.0358                         0.0767     0.1830 r
  n4 (net)                       1       1.5282                                             0.0000     0.1830 r
  U14/A1 (XOR2X2_RVT)                              0.0000    0.0358    0.0000               0.0000     0.1830 r
  U14/Y (XOR2X2_RVT)                                         0.0301                         0.0911     0.2741 f
  Sum[2] (net)                   1       0.2433                                             0.0000     0.2741 f
  Sum[2] (out)                                     0.0000    0.0301    0.0000               0.0000     0.2741 f
  data arrival time                                                                                    0.2741

  max_delay                                                                                 0.0000     0.0000
  output external delay                                                                     0.0000     0.0000
  data required time                                                                                   0.0000
  --------------------------------------------------------------------------------------------------------------
  data required time                                                                                   0.0000
  data arrival time                                                                                   -0.2741
  --------------------------------------------------------------------------------------------------------------
  slack (VIOLATED)                                                                                    -0.2741


  Startpoint: B[0] (input port)
  Endpoint: Sum[1] (output port)
  Path Group: default
  Path Type: max

  Des/Clust/Port     Wire Load Model       Library
  ------------------------------------------------
  adder_1d           ForQA                 saed32rvt_ss0p95v125c

  Point                        Fanout       Cap     DTran     Trans     Delta     Derate      Incr       Path
  --------------------------------------------------------------------------------------------------------------
  input external delay                                                                      0.0000     0.0000 f
  B[0] (in)                                                  0.0000                         0.0000     0.0000 f
  B[0] (net)                     4       3.2738                                             0.0000     0.0000 f
  U23/A2 (NAND2X0_RVT)                             0.0000    0.0000    0.0000               0.0000     0.0000 f
  U23/Y (NAND2X0_RVT)                                        0.0374                         0.0275     0.0275 r
  n25 (net)                      1       0.7977                                             0.0000     0.0275 r
  U16/A3 (AO22X1_RVT)                              0.0000    0.0374    0.0000               0.0000     0.0275 r
  U16/Y (AO22X1_RVT)                                         0.0477                         0.0788     0.1063 r
  n14 (net)                      3       2.6009                                             0.0000     0.1063 r
  U13/A (INVX0_RVT)                                0.0000    0.0477    0.0000               0.0000     0.1063 r
  U13/Y (INVX0_RVT)                                          0.0390                         0.0359     0.1422 f
  n19 (net)                      1       1.5205                                             0.0000     0.1422 f
  U30/A1 (XOR2X2_RVT)                              0.0000    0.0390    0.0000               0.0000     0.1422 f
  U30/Y (XOR2X2_RVT)                                         0.0298                         0.0927     0.2349 r
  Sum[1] (net)                   1       0.2433                                             0.0000     0.2349 r
  Sum[1] (out)                                     0.0000    0.0298    0.0000               0.0000     0.2349 r
  data arrival time                                                                                    0.2349

  max_delay                                                                                 0.0000     0.0000
  output external delay                                                                     0.0000     0.0000
  data required time                                                                                   0.0000
  --------------------------------------------------------------------------------------------------------------
  data required time                                                                                   0.0000
  data arrival time                                                                                   -0.2349
  --------------------------------------------------------------------------------------------------------------
  slack (VIOLATED)                                                                                    -0.2349


  Startpoint: B[0] (input port)
  Endpoint: Sum[0] (output port)
  Path Group: default
  Path Type: max

  Des/Clust/Port     Wire Load Model       Library
  ------------------------------------------------
  adder_1d           ForQA                 saed32rvt_ss0p95v125c

  Point                        Fanout       Cap     DTran     Trans     Delta     Derate      Incr       Path
  --------------------------------------------------------------------------------------------------------------
  input external delay                                                                      0.0000     0.0000 f
  B[0] (in)                                                  0.0000                         0.0000     0.0000 f
  B[0] (net)                     4       3.2738                                             0.0000     0.0000 f
  U22/A2 (NAND2X0_RVT)                             0.0000    0.0000    0.0000               0.0000     0.0000 f
  U22/Y (NAND2X0_RVT)                                        0.0352                         0.0262     0.0262 r
  n9 (net)                       1       0.7113                                             0.0000     0.0262 r
  U10/A3 (OA21X1_RVT)                              0.0000    0.0352    0.0000               0.0000     0.0262 r
  U10/Y (OA21X1_RVT)                                         0.0358                         0.0688     0.0950 r
  n26 (net)                      1       1.5282                                             0.0000     0.0950 r
  U34/A1 (XOR2X2_RVT)                              0.0000    0.0358    0.0000               0.0000     0.0950 r
  U34/Y (XOR2X2_RVT)                                         0.0301                         0.0911     0.1861 f
  Sum[0] (net)                   1       0.2433                                             0.0000     0.1861 f
  Sum[0] (out)                                     0.0000    0.0301    0.0000               0.0000     0.1861 f
  data arrival time                                                                                    0.1861

  max_delay                                                                                 0.0000     0.0000
  output external delay                                                                     0.0000     0.0000
  data required time                                                                                   0.0000
  --------------------------------------------------------------------------------------------------------------
  data required time                                                                                   0.0000
  data arrival time                                                                                   -0.1861
  --------------------------------------------------------------------------------------------------------------
  slack (VIOLATED)                                                                                    -0.1861


1
